/*C2*/SET SCHEMA PUBLIC
DELETE FROM "mendixsystem$version" WHERE "versionnumber"='4.2'
INSERT INTO "mendixsystem$version" VALUES('4.2','2022-01-31 14:26:59.223000','4.1.0','unversioned','emploiTocndix','9.8.1.32679')
COMMIT
/*C3*/SET SCHEMA PUBLIC
DELETE FROM "mendixsystem$entityidentifier" WHERE "id"='d4154981-8dac-4150-aec5-efa3ef62a7a2'
INSERT INTO "mendixsystem$entityidentifier" VALUES('d4154981-8dac-4150-aec5-efa3ef62a7a2',2,601)
COMMIT
INSERT INTO "system$xasinstance" VALUES(562949953421813,'1bed432f-f827-4441-a84b-a31f49d59ee5','2022-01-31 13:55:06.453000',NULL,NULL,NULL,'2022-01-31 13:55:06.442000')
COMMIT
DELETE FROM "system$userrole" WHERE "id"=9288674231451649
INSERT INTO "system$userrole" VALUES(9288674231451649,'8dd52bfa-6d7e-453b-b506-303c0a3d9567','Administrator','')
DELETE FROM "system$userrole" WHERE "id"=9288674231451650
INSERT INTO "system$userrole" VALUES(9288674231451650,'53f5d6fa-6da9-4a71-b011-454ec052cce8','User','')
COMMIT
DELETE FROM "mendixsystem$properties" WHERE "key"='Mendix.Runtime.DeploymentID'
INSERT INTO "mendixsystem$properties" VALUES('Mendix.Runtime.DeploymentID','637792376873941154')
COMMIT
DELETE FROM "system$session" WHERE "id"=6473924464345489
DELETE FROM "system$session_user" WHERE "system$sessionid"=6473924464345489 AND "system$userid"=281474976711057
COMMIT
DELETE FROM "system$xasinstance" WHERE "id"=562949953421813
INSERT INTO "system$xasinstance" VALUES(562949953421813,'1bed432f-f827-4441-a84b-a31f49d59ee5','2022-01-31 13:55:08.170000',NULL,NULL,NULL,'2022-01-31 13:55:06.442000')
COMMIT
/*C5*/SET SCHEMA PUBLIC
DELETE FROM "mendixsystem$entityidentifier" WHERE "id"='282e2e60-88a5-469d-84a5-ba8d9151644f'
INSERT INTO "mendixsystem$entityidentifier" VALUES('282e2e60-88a5-469d-84a5-ba8d9151644f',1,601)
COMMIT
INSERT INTO "system$user" VALUES(281474976711157,'Anonymous_e3aac29d-bae5-4795-9f4c-774a9cfec3dd','{BCrypt}$2a$10$0jqkmq.5RWtIFpJMkYhlQuVoyxLE1uQ.H.kZU6Y8Ardb.hbWeL0se','2022-01-31 13:55:10.867000',FALSE,TRUE,0,FALSE,TRUE,'2022-01-31 13:55:10.694000','2022-01-31 13:55:10.694000','System.User',NULL,281474976711157)
INSERT INTO "system$userroles" VALUES(281474976711157,9288674231451649)
INSERT INTO "system$user_language" VALUES(281474976711157,13229323905400833)
COMMIT
DELETE FROM "system$user" WHERE "id"=281474976711157
INSERT INTO "system$user" VALUES(281474976711157,'Anonymous_e3aac29d-bae5-4795-9f4c-774a9cfec3dd','{BCrypt}$2a$10$0jqkmq.5RWtIFpJMkYhlQuVoyxLE1uQ.H.kZU6Y8Ardb.hbWeL0se','2022-01-31 13:55:10.923000',FALSE,TRUE,0,FALSE,TRUE,'2022-01-31 13:55:10.694000','2022-01-31 13:55:10.694000','System.User',NULL,281474976711157)
COMMIT
DELETE FROM "mendixsystem$entityidentifier" WHERE "id"='37f9fd49-5318-4c63-9a51-f761779b202f'
INSERT INTO "mendixsystem$entityidentifier" VALUES('37f9fd49-5318-4c63-9a51-f761779b202f',23,601)
COMMIT
INSERT INTO "system$session" VALUES(6473924464345589,'56fc3255-0e72-4630-b11a-b3465a1cf385','cc8af300-38fd-493b-8a11-bc19a2fdaaa2','2022-01-31 13:55:11.013000',FALSE,'6841b2e9-b73f-479a-9a33-37ec7c15af46',NULL,'2022-01-31 13:55:11.013000')
INSERT INTO "system$session_user" VALUES(6473924464345589,281474976711157)
COMMIT
DELETE FROM "system$session" WHERE "id"=6473924464345589
INSERT INTO "system$session" VALUES(6473924464345589,'56fc3255-0e72-4630-b11a-b3465a1cf385','cc8af300-38fd-493b-8a11-bc19a2fdaaa2','2022-01-31 13:55:11.025000',FALSE,'6841b2e9-b73f-479a-9a33-37ec7c15af46',NULL,'2022-01-31 13:55:11.013000')
COMMIT
DELETE FROM "mendixsystem$entityidentifier" WHERE "id"='3445f17b-7ef8-4ce8-91a4-6f74914d497e'
INSERT INTO "mendixsystem$entityidentifier" VALUES('3445f17b-7ef8-4ce8-91a4-6f74914d497e',28,101)
COMMIT
/*C7*/SET SCHEMA PUBLIC
INSERT INTO "emploitocndixmodule$canal" VALUES(7881299347898369,'Whatsapp')
COMMIT
/*C6*/SET SCHEMA PUBLIC
INSERT INTO "emploitocndixmodule$canal" VALUES(7881299347898370,'Indeed')
COMMIT
/*C7*/INSERT INTO "emploitocndixmodule$canal" VALUES(7881299347898371,'Monster')
COMMIT
/*C6*/DELETE FROM "system$session" WHERE "id"=6473924464345589
INSERT INTO "system$session" VALUES(6473924464345589,'56fc3255-0e72-4630-b11a-b3465a1cf385','cc8af300-38fd-493b-8a11-bc19a2fdaaa2','2022-01-31 13:56:22.524000',FALSE,'6841b2e9-b73f-479a-9a33-37ec7c15af46',NULL,'2022-01-31 13:55:11.013000')
COMMIT
/*C5*/INSERT INTO "emploitocndixmodule$canal" VALUES(7881299347898372,'Welcome to the Jungle')
COMMIT
/*C4*/SET SCHEMA PUBLIC
INSERT INTO "emploitocndixmodule$canal" VALUES(7881299347898373,'Facebook')
COMMIT
/*C5*/INSERT INTO "emploitocndixmodule$canal" VALUES(7881299347898374,'LinkedIn')
COMMIT
DELETE FROM "system$session" WHERE "id"=6473924464345589
INSERT INTO "system$session" VALUES(6473924464345589,'56fc3255-0e72-4630-b11a-b3465a1cf385','cc8af300-38fd-493b-8a11-bc19a2fdaaa2','2022-01-31 13:58:18.187000',FALSE,'6841b2e9-b73f-479a-9a33-37ec7c15af46',NULL,'2022-01-31 13:55:11.013000')
COMMIT
/*C4*/DELETE FROM "system$xasinstance" WHERE "id"=562949953421813
INSERT INTO "system$xasinstance" VALUES(562949953421813,'1bed432f-f827-4441-a84b-a31f49d59ee5','2022-01-31 14:00:08.404000',NULL,NULL,NULL,'2022-01-31 13:55:06.442000')
COMMIT
DELETE FROM "system$session" WHERE "id"=6473924464345589
INSERT INTO "system$session" VALUES(6473924464345589,'56fc3255-0e72-4630-b11a-b3465a1cf385','cc8af300-38fd-493b-8a11-bc19a2fdaaa2','2022-01-31 14:00:13.016000',FALSE,'6841b2e9-b73f-479a-9a33-37ec7c15af46',NULL,'2022-01-31 13:55:11.013000')
COMMIT
/*C2*/DISCONNECT
/*C4*/DELETE FROM "system$xasinstance" WHERE "id"=562949953421813
INSERT INTO "system$xasinstance" VALUES(562949953421813,'1bed432f-f827-4441-a84b-a31f49d59ee5','2022-01-31 14:05:08.416000',NULL,NULL,NULL,'2022-01-31 13:55:06.442000')
COMMIT
DELETE FROM "system$session" WHERE "id"=6473924464345589
INSERT INTO "system$session" VALUES(6473924464345589,'56fc3255-0e72-4630-b11a-b3465a1cf385','cc8af300-38fd-493b-8a11-bc19a2fdaaa2','2022-01-31 14:05:12.624000',FALSE,'6841b2e9-b73f-479a-9a33-37ec7c15af46',NULL,'2022-01-31 13:55:11.013000')
COMMIT
/*C3*/DISCONNECT
/*C6*/DELETE FROM "system$xasinstance" WHERE "id"=562949953421813
INSERT INTO "system$xasinstance" VALUES(562949953421813,'1bed432f-f827-4441-a84b-a31f49d59ee5','2022-01-31 14:10:08.425000',NULL,NULL,NULL,'2022-01-31 13:55:06.442000')
COMMIT
DELETE FROM "system$session" WHERE "id"=6473924464345589
INSERT INTO "system$session" VALUES(6473924464345589,'56fc3255-0e72-4630-b11a-b3465a1cf385','cc8af300-38fd-493b-8a11-bc19a2fdaaa2','2022-01-31 14:10:12.612000',FALSE,'6841b2e9-b73f-479a-9a33-37ec7c15af46',NULL,'2022-01-31 13:55:11.013000')
COMMIT
/*C4*/DELETE FROM "system$xasinstance" WHERE "id"=562949953421813
INSERT INTO "system$xasinstance" VALUES(562949953421813,'1bed432f-f827-4441-a84b-a31f49d59ee5','2022-01-31 14:15:08.436000',NULL,NULL,NULL,'2022-01-31 13:55:06.442000')
COMMIT
DELETE FROM "system$session" WHERE "id"=6473924464345589
INSERT INTO "system$session" VALUES(6473924464345589,'56fc3255-0e72-4630-b11a-b3465a1cf385','cc8af300-38fd-493b-8a11-bc19a2fdaaa2','2022-01-31 14:15:12.628000',FALSE,'6841b2e9-b73f-479a-9a33-37ec7c15af46',NULL,'2022-01-31 13:55:11.013000')
COMMIT
/*C6*/DELETE FROM "system$xasinstance" WHERE "id"=562949953421813
INSERT INTO "system$xasinstance" VALUES(562949953421813,'1bed432f-f827-4441-a84b-a31f49d59ee5','2022-01-31 14:20:08.444000',NULL,NULL,NULL,'2022-01-31 13:55:06.442000')
COMMIT
DELETE FROM "system$session" WHERE "id"=6473924464345589
INSERT INTO "system$session" VALUES(6473924464345589,'56fc3255-0e72-4630-b11a-b3465a1cf385','cc8af300-38fd-493b-8a11-bc19a2fdaaa2','2022-01-31 14:21:08.615000',FALSE,'6841b2e9-b73f-479a-9a33-37ec7c15af46',NULL,'2022-01-31 13:55:11.013000')
COMMIT
/*C5*/DISCONNECT
/*C4*/DELETE FROM "system$xasinstance" WHERE "id"=562949953421813
INSERT INTO "system$xasinstance" VALUES(562949953421813,'1bed432f-f827-4441-a84b-a31f49d59ee5','2022-01-31 14:25:08.461000',NULL,NULL,NULL,'2022-01-31 13:55:06.442000')
COMMIT
/*C6*/DELETE FROM "system$session" WHERE "id"=6473924464345589
INSERT INTO "system$session" VALUES(6473924464345589,'56fc3255-0e72-4630-b11a-b3465a1cf385','cc8af300-38fd-493b-8a11-bc19a2fdaaa2','2022-01-31 14:26:08.624000',FALSE,'6841b2e9-b73f-479a-9a33-37ec7c15af46',NULL,'2022-01-31 13:55:11.013000')
COMMIT
/*C8*/SET SCHEMA PUBLIC
DELETE FROM "system$xasinstance" WHERE "id"=562949953421813
INSERT INTO "system$xasinstance" VALUES(562949953421813,'1bed432f-f827-4441-a84b-a31f49d59ee5','2022-01-31 14:30:08.466000',NULL,NULL,NULL,'2022-01-31 13:55:06.442000')
COMMIT
DELETE FROM "system$session" WHERE "id"=6473924464345589
INSERT INTO "system$session" VALUES(6473924464345589,'56fc3255-0e72-4630-b11a-b3465a1cf385','cc8af300-38fd-493b-8a11-bc19a2fdaaa2','2022-01-31 14:31:08.618000',FALSE,'6841b2e9-b73f-479a-9a33-37ec7c15af46',NULL,'2022-01-31 13:55:11.013000')
COMMIT
/*C7*/DELETE FROM "system$xasinstance" WHERE "id"=562949953421813
INSERT INTO "system$xasinstance" VALUES(562949953421813,'1bed432f-f827-4441-a84b-a31f49d59ee5','2022-01-31 14:35:08.482000',NULL,NULL,NULL,'2022-01-31 13:55:06.442000')
COMMIT
/*C4*/DELETE FROM "system$session" WHERE "id"=6473924464345589
INSERT INTO "system$session" VALUES(6473924464345589,'56fc3255-0e72-4630-b11a-b3465a1cf385','cc8af300-38fd-493b-8a11-bc19a2fdaaa2','2022-01-31 14:36:08.611000',FALSE,'6841b2e9-b73f-479a-9a33-37ec7c15af46',NULL,'2022-01-31 13:55:11.013000')
COMMIT
DELETE FROM "system$xasinstance" WHERE "id"=562949953421813
INSERT INTO "system$xasinstance" VALUES(562949953421813,'1bed432f-f827-4441-a84b-a31f49d59ee5','2022-01-31 14:40:08.497000',NULL,NULL,NULL,'2022-01-31 13:55:06.442000')
COMMIT
/*C9*/SET SCHEMA PUBLIC
DELETE FROM "system$session" WHERE "id"=6473924464345589
INSERT INTO "system$session" VALUES(6473924464345589,'56fc3255-0e72-4630-b11a-b3465a1cf385','cc8af300-38fd-493b-8a11-bc19a2fdaaa2','2022-01-31 14:41:08.620000',FALSE,'6841b2e9-b73f-479a-9a33-37ec7c15af46',NULL,'2022-01-31 13:55:11.013000')
COMMIT
/*C6*/DISCONNECT
/*C8*/DELETE FROM "system$xasinstance" WHERE "id"=562949953421813
INSERT INTO "system$xasinstance" VALUES(562949953421813,'1bed432f-f827-4441-a84b-a31f49d59ee5','2022-01-31 14:45:08.510000',NULL,NULL,NULL,'2022-01-31 13:55:06.442000')
COMMIT
/*C9*/DELETE FROM "system$session" WHERE "id"=6473924464345589
INSERT INTO "system$session" VALUES(6473924464345589,'56fc3255-0e72-4630-b11a-b3465a1cf385','cc8af300-38fd-493b-8a11-bc19a2fdaaa2','2022-01-31 14:46:08.610000',FALSE,'6841b2e9-b73f-479a-9a33-37ec7c15af46',NULL,'2022-01-31 13:55:11.013000')
COMMIT
/*C7*/DELETE FROM "system$xasinstance" WHERE "id"=562949953421813
INSERT INTO "system$xasinstance" VALUES(562949953421813,'1bed432f-f827-4441-a84b-a31f49d59ee5','2022-01-31 14:58:45.784000',NULL,NULL,NULL,'2022-01-31 13:55:06.442000')
COMMIT
/*C8*/DELETE FROM "system$session" WHERE "id"=6473924464345589
INSERT INTO "system$session" VALUES(6473924464345589,'56fc3255-0e72-4630-b11a-b3465a1cf385','cc8af300-38fd-493b-8a11-bc19a2fdaaa2','2022-01-31 14:58:21.740000',FALSE,'6841b2e9-b73f-479a-9a33-37ec7c15af46',NULL,'2022-01-31 13:55:11.013000')
COMMIT
DELETE FROM "system$user" WHERE "id"=281474976711157
DELETE FROM "system$userroles" WHERE "system$userid"=281474976711157 AND "system$userroleid"=9288674231451649
DELETE FROM "system$user_language" WHERE "system$userid"=281474976711157 AND "system$languageid"=13229323905400833
DELETE FROM "system$session_user" WHERE "system$sessionid"=6473924464345589 AND "system$userid"=281474976711157
COMMIT
DELETE FROM "system$session" WHERE "id"=6473924464345589
COMMIT
/*C9*/INSERT INTO "system$user" VALUES(281474976711158,'Anonymous_1e66d4a8-1b19-413b-8721-fc5ec6e985a2','{BCrypt}$2a$10$fyb9ZufVSHJCha.QmkgbDuDf3L1Yxxn43Q4FSRmppnM2qpb1wJESG','2022-01-31 15:01:09.762000',FALSE,TRUE,0,FALSE,TRUE,'2022-01-31 15:01:09.662000','2022-01-31 15:01:09.662000','System.User',NULL,281474976711158)
INSERT INTO "system$userroles" VALUES(281474976711158,9288674231451649)
INSERT INTO "system$user_language" VALUES(281474976711158,13229323905400833)
COMMIT
DELETE FROM "system$user" WHERE "id"=281474976711158
INSERT INTO "system$user" VALUES(281474976711158,'Anonymous_1e66d4a8-1b19-413b-8721-fc5ec6e985a2','{BCrypt}$2a$10$fyb9ZufVSHJCha.QmkgbDuDf3L1Yxxn43Q4FSRmppnM2qpb1wJESG','2022-01-31 15:01:09.783000',FALSE,TRUE,0,FALSE,TRUE,'2022-01-31 15:01:09.662000','2022-01-31 15:01:09.662000','System.User',NULL,281474976711158)
COMMIT
INSERT INTO "system$session" VALUES(6473924464345590,'a22a1fff-782e-4d03-8f42-d038fd053c70','919c9d50-5c59-4db8-850b-4fe15aa5680e','2022-01-31 15:01:09.803000',FALSE,'5136fd91-8f2e-487b-813d-87fac81c93d6',NULL,'2022-01-31 15:01:09.803000')
INSERT INTO "system$session_user" VALUES(6473924464345590,281474976711158)
COMMIT
DELETE FROM "system$session" WHERE "id"=6473924464345590
INSERT INTO "system$session" VALUES(6473924464345590,'a22a1fff-782e-4d03-8f42-d038fd053c70','919c9d50-5c59-4db8-850b-4fe15aa5680e','2022-01-31 15:01:09.807000',FALSE,'5136fd91-8f2e-487b-813d-87fac81c93d6',NULL,'2022-01-31 15:01:09.803000')
COMMIT
